c:\users\chris\documents\school stuff\nait\project and assignments\cmppe1700\ica6(again)\debug\vc142.pdb
c:\users\chris\documents\school stuff\nait\project and assignments\cmppe1700\ica6(again)\debug\vc142.idb
c:\users\chris\documents\school stuff\nait\project and assignments\cmppe1700\ica6(again)\debug\main.obj
c:\users\chris\documents\school stuff\nait\project and assignments\cmppe1700\ica6(again)\debug\cards.obj
c:\users\chris\documents\school stuff\nait\project and assignments\cmppe1700\ica6(again)\debug\ica6(again).pdb
c:\users\chris\documents\school stuff\nait\project and assignments\cmppe1700\ica6(again)\debug\ica6(again).tlog\cl.command.1.tlog
c:\users\chris\documents\school stuff\nait\project and assignments\cmppe1700\ica6(again)\debug\ica6(again).tlog\cl.read.1.tlog
c:\users\chris\documents\school stuff\nait\project and assignments\cmppe1700\ica6(again)\debug\ica6(again).tlog\cl.write.1.tlog
c:\users\chris\documents\school stuff\nait\project and assignments\cmppe1700\ica6(again)\debug\ica6(again).tlog\link-cvtres.read.1.tlog
c:\users\chris\documents\school stuff\nait\project and assignments\cmppe1700\ica6(again)\debug\ica6(again).tlog\link-cvtres.write.1.tlog
c:\users\chris\documents\school stuff\nait\project and assignments\cmppe1700\ica6(again)\debug\ica6(again).tlog\link-rc.read.1.tlog
c:\users\chris\documents\school stuff\nait\project and assignments\cmppe1700\ica6(again)\debug\ica6(again).tlog\link-rc.write.1.tlog
c:\users\chris\documents\school stuff\nait\project and assignments\cmppe1700\ica6(again)\debug\ica6(again).tlog\link.7224-cvtres.read.1.tlog
c:\users\chris\documents\school stuff\nait\project and assignments\cmppe1700\ica6(again)\debug\ica6(again).tlog\link.7224-cvtres.write.1.tlog
c:\users\chris\documents\school stuff\nait\project and assignments\cmppe1700\ica6(again)\debug\ica6(again).tlog\link.7224-rc.read.1.tlog
c:\users\chris\documents\school stuff\nait\project and assignments\cmppe1700\ica6(again)\debug\ica6(again).tlog\link.7224-rc.write.1.tlog
c:\users\chris\documents\school stuff\nait\project and assignments\cmppe1700\ica6(again)\debug\ica6(again).tlog\link.7224.read.1.tlog
c:\users\chris\documents\school stuff\nait\project and assignments\cmppe1700\ica6(again)\debug\ica6(again).tlog\link.7224.write.1.tlog
c:\users\chris\documents\school stuff\nait\project and assignments\cmppe1700\ica6(again)\debug\ica6(again).tlog\link.command.1.tlog
c:\users\chris\documents\school stuff\nait\project and assignments\cmppe1700\ica6(again)\debug\ica6(again).tlog\link.read.1.tlog
c:\users\chris\documents\school stuff\nait\project and assignments\cmppe1700\ica6(again)\debug\ica6(again).tlog\link.write.1.tlog
